[INFO  - 2019-02-21T02:47:11.668Z] GhostDriver - Main - running on port 4851
[INFO  - 2019-02-21T02:47:15.757Z] Session [ff57de40-3582-11e9-971c-e7dc7163fd78] - page.settings - {"XSSAuditingEnabled":false,"javascriptCanCloseWindows":true,"javascriptCanOpenWindows":true,"javascriptEnabled":true,"loadImages":false,"localToRemoteUrlAccessEnabled":false,"userAgent":"Mozilla/5.0 (Windows NT 6.2; WOW64) AppleWebKit/538.1 (KHTML, like Gecko) PhantomJS/2.1.1 Safari/538.1","webSecurityEnabled":true}
[INFO  - 2019-02-21T02:47:15.757Z] Session [ff57de40-3582-11e9-971c-e7dc7163fd78] - page.customHeaders:  - {}
[INFO  - 2019-02-21T02:47:15.757Z] Session [ff57de40-3582-11e9-971c-e7dc7163fd78] - Session.negotiatedCapabilities - {"browserName":"phantomjs","version":"2.1.1","driverName":"ghostdriver","driverVersion":"1.2.0","platform":"windows-10-32bit","javascriptEnabled":true,"takesScreenshot":true,"handlesAlerts":false,"databaseEnabled":false,"locationContextEnabled":false,"applicationCacheEnabled":false,"browserConnectionEnabled":false,"cssSelectorsEnabled":true,"webStorageEnabled":false,"rotatable":false,"acceptSslCerts":false,"nativeEvents":true,"proxy":{"proxyType":"direct"}}
[INFO  - 2019-02-21T02:47:15.757Z] SessionManagerReqHand - _postNewSessionCommand - New Session Created: ff57de40-3582-11e9-971c-e7dc7163fd78
[ERROR - 2019-02-21T02:47:17.555Z] Session [ff57de40-3582-11e9-971c-e7dc7163fd78] - page.onError - msg: kg/home-2017/1.4.13/common/inject is not loaded! can not find module in path : https://g.alicdn.com/kg/??home-2017/1.4.13/common/inject-min.js,home-2017/1.4.13/c/shop/index-min.js,home-2017/1.4.13/c/sale/index-min.js,home-2017/1.4.13/c/live/index-min.js,home-2017/1.4.13/c/hotsale/index-min.js,home-2017/1.4.13/c/helper/index-min.js,home-2017/1.4.13/c/goods/index-min.js,home-2017/1.4.13/c/shopping/index-min.js,home-2017/1.4.13/c/qiang/index-min.js,home-2017/1.4.13/c/fashion/index-min.js,home-2017/1.4.13/c/quality/index-min.js,home-2017/1.4.13/c/afford/index-min.js

  phantomjs://platform/console++.js:263 in error
[ERROR - 2019-02-21T02:47:17.555Z] Session [ff57de40-3582-11e9-971c-e7dc7163fd78] - page.onError - stack:
  (anonymous function) (https://g.alicdn.com/??kissy/k/6.2.4/seed-min.js,kg/global-util/1.0.7/index-min.js,tb/tracker/4.3.12/index.js,kg/tb-nav/2.5.3/index-min.js,secdev/sufei_data/3.3.5/index.js:5)

  phantomjs://platform/console++.js:263 in error
[ERROR - 2019-02-21T02:47:17.555Z] Session [ff57de40-3582-11e9-971c-e7dc7163fd78] - page.onError - msg: kg/home-2017/1.4.13/c/shop/index is not loaded! can not find module in path : https://g.alicdn.com/kg/??home-2017/1.4.13/common/inject-min.js,home-2017/1.4.13/c/shop/index-min.js,home-2017/1.4.13/c/sale/index-min.js,home-2017/1.4.13/c/live/index-min.js,home-2017/1.4.13/c/hotsale/index-min.js,home-2017/1.4.13/c/helper/index-min.js,home-2017/1.4.13/c/goods/index-min.js,home-2017/1.4.13/c/shopping/index-min.js,home-2017/1.4.13/c/qiang/index-min.js,home-2017/1.4.13/c/fashion/index-min.js,home-2017/1.4.13/c/quality/index-min.js,home-2017/1.4.13/c/afford/index-min.js

  phantomjs://platform/console++.js:263 in error
[ERROR - 2019-02-21T02:47:17.555Z] Session [ff57de40-3582-11e9-971c-e7dc7163fd78] - page.onError - stack:
  (anonymous function) (https://g.alicdn.com/??kissy/k/6.2.4/seed-min.js,kg/global-util/1.0.7/index-min.js,tb/tracker/4.3.12/index.js,kg/tb-nav/2.5.3/index-min.js,secdev/sufei_data/3.3.5/index.js:5)

  phantomjs://platform/console++.js:263 in error
[ERROR - 2019-02-21T02:47:17.556Z] Session [ff57de40-3582-11e9-971c-e7dc7163fd78] - page.onError - msg: kg/home-2017/1.4.13/c/sale/index is not loaded! can not find module in path : https://g.alicdn.com/kg/??home-2017/1.4.13/common/inject-min.js,home-2017/1.4.13/c/shop/index-min.js,home-2017/1.4.13/c/sale/index-min.js,home-2017/1.4.13/c/live/index-min.js,home-2017/1.4.13/c/hotsale/index-min.js,home-2017/1.4.13/c/helper/index-min.js,home-2017/1.4.13/c/goods/index-min.js,home-2017/1.4.13/c/shopping/index-min.js,home-2017/1.4.13/c/qiang/index-min.js,home-2017/1.4.13/c/fashion/index-min.js,home-2017/1.4.13/c/quality/index-min.js,home-2017/1.4.13/c/afford/index-min.js

  phantomjs://platform/console++.js:263 in error
[ERROR - 2019-02-21T02:47:17.556Z] Session [ff57de40-3582-11e9-971c-e7dc7163fd78] - page.onError - stack:
  (anonymous function) (https://g.alicdn.com/??kissy/k/6.2.4/seed-min.js,kg/global-util/1.0.7/index-min.js,tb/tracker/4.3.12/index.js,kg/tb-nav/2.5.3/index-min.js,secdev/sufei_data/3.3.5/index.js:5)

  phantomjs://platform/console++.js:263 in error
[ERROR - 2019-02-21T02:47:17.556Z] Session [ff57de40-3582-11e9-971c-e7dc7163fd78] - page.onError - msg: kg/home-2017/1.4.13/c/live/index is not loaded! can not find module in path : https://g.alicdn.com/kg/??home-2017/1.4.13/common/inject-min.js,home-2017/1.4.13/c/shop/index-min.js,home-2017/1.4.13/c/sale/index-min.js,home-2017/1.4.13/c/live/index-min.js,home-2017/1.4.13/c/hotsale/index-min.js,home-2017/1.4.13/c/helper/index-min.js,home-2017/1.4.13/c/goods/index-min.js,home-2017/1.4.13/c/shopping/index-min.js,home-2017/1.4.13/c/qiang/index-min.js,home-2017/1.4.13/c/fashion/index-min.js,home-2017/1.4.13/c/quality/index-min.js,home-2017/1.4.13/c/afford/index-min.js

  phantomjs://platform/console++.js:263 in error
[ERROR - 2019-02-21T02:47:17.556Z] Session [ff57de40-3582-11e9-971c-e7dc7163fd78] - page.onError - stack:
  (anonymous function) (https://g.alicdn.com/??kissy/k/6.2.4/seed-min.js,kg/global-util/1.0.7/index-min.js,tb/tracker/4.3.12/index.js,kg/tb-nav/2.5.3/index-min.js,secdev/sufei_data/3.3.5/index.js:5)

  phantomjs://platform/console++.js:263 in error
[ERROR - 2019-02-21T02:47:17.556Z] Session [ff57de40-3582-11e9-971c-e7dc7163fd78] - page.onError - msg: kg/home-2017/1.4.13/c/hotsale/index is not loaded! can not find module in path : https://g.alicdn.com/kg/??home-2017/1.4.13/common/inject-min.js,home-2017/1.4.13/c/shop/index-min.js,home-2017/1.4.13/c/sale/index-min.js,home-2017/1.4.13/c/live/index-min.js,home-2017/1.4.13/c/hotsale/index-min.js,home-2017/1.4.13/c/helper/index-min.js,home-2017/1.4.13/c/goods/index-min.js,home-2017/1.4.13/c/shopping/index-min.js,home-2017/1.4.13/c/qiang/index-min.js,home-2017/1.4.13/c/fashion/index-min.js,home-2017/1.4.13/c/quality/index-min.js,home-2017/1.4.13/c/afford/index-min.js

  phantomjs://platform/console++.js:263 in error
[ERROR - 2019-02-21T02:47:17.557Z] Session [ff57de40-3582-11e9-971c-e7dc7163fd78] - page.onError - stack:
  (anonymous function) (https://g.alicdn.com/??kissy/k/6.2.4/seed-min.js,kg/global-util/1.0.7/index-min.js,tb/tracker/4.3.12/index.js,kg/tb-nav/2.5.3/index-min.js,secdev/sufei_data/3.3.5/index.js:5)

  phantomjs://platform/console++.js:263 in error
[ERROR - 2019-02-21T02:47:17.557Z] Session [ff57de40-3582-11e9-971c-e7dc7163fd78] - page.onError - msg: kg/home-2017/1.4.13/c/helper/index is not loaded! can not find module in path : https://g.alicdn.com/kg/??home-2017/1.4.13/common/inject-min.js,home-2017/1.4.13/c/shop/index-min.js,home-2017/1.4.13/c/sale/index-min.js,home-2017/1.4.13/c/live/index-min.js,home-2017/1.4.13/c/hotsale/index-min.js,home-2017/1.4.13/c/helper/index-min.js,home-2017/1.4.13/c/goods/index-min.js,home-2017/1.4.13/c/shopping/index-min.js,home-2017/1.4.13/c/qiang/index-min.js,home-2017/1.4.13/c/fashion/index-min.js,home-2017/1.4.13/c/quality/index-min.js,home-2017/1.4.13/c/afford/index-min.js

  phantomjs://platform/console++.js:263 in error
[ERROR - 2019-02-21T02:47:17.557Z] Session [ff57de40-3582-11e9-971c-e7dc7163fd78] - page.onError - stack:
  (anonymous function) (https://g.alicdn.com/??kissy/k/6.2.4/seed-min.js,kg/global-util/1.0.7/index-min.js,tb/tracker/4.3.12/index.js,kg/tb-nav/2.5.3/index-min.js,secdev/sufei_data/3.3.5/index.js:5)

  phantomjs://platform/console++.js:263 in error
[ERROR - 2019-02-21T02:47:17.557Z] Session [ff57de40-3582-11e9-971c-e7dc7163fd78] - page.onError - msg: kg/home-2017/1.4.13/c/goods/index is not loaded! can not find module in path : https://g.alicdn.com/kg/??home-2017/1.4.13/common/inject-min.js,home-2017/1.4.13/c/shop/index-min.js,home-2017/1.4.13/c/sale/index-min.js,home-2017/1.4.13/c/live/index-min.js,home-2017/1.4.13/c/hotsale/index-min.js,home-2017/1.4.13/c/helper/index-min.js,home-2017/1.4.13/c/goods/index-min.js,home-2017/1.4.13/c/shopping/index-min.js,home-2017/1.4.13/c/qiang/index-min.js,home-2017/1.4.13/c/fashion/index-min.js,home-2017/1.4.13/c/quality/index-min.js,home-2017/1.4.13/c/afford/index-min.js

  phantomjs://platform/console++.js:263 in error
[ERROR - 2019-02-21T02:47:17.557Z] Session [ff57de40-3582-11e9-971c-e7dc7163fd78] - page.onError - stack:
  (anonymous function) (https://g.alicdn.com/??kissy/k/6.2.4/seed-min.js,kg/global-util/1.0.7/index-min.js,tb/tracker/4.3.12/index.js,kg/tb-nav/2.5.3/index-min.js,secdev/sufei_data/3.3.5/index.js:5)

  phantomjs://platform/console++.js:263 in error
[ERROR - 2019-02-21T02:47:17.558Z] Session [ff57de40-3582-11e9-971c-e7dc7163fd78] - page.onError - msg: kg/home-2017/1.4.13/c/shopping/index is not loaded! can not find module in path : https://g.alicdn.com/kg/??home-2017/1.4.13/common/inject-min.js,home-2017/1.4.13/c/shop/index-min.js,home-2017/1.4.13/c/sale/index-min.js,home-2017/1.4.13/c/live/index-min.js,home-2017/1.4.13/c/hotsale/index-min.js,home-2017/1.4.13/c/helper/index-min.js,home-2017/1.4.13/c/goods/index-min.js,home-2017/1.4.13/c/shopping/index-min.js,home-2017/1.4.13/c/qiang/index-min.js,home-2017/1.4.13/c/fashion/index-min.js,home-2017/1.4.13/c/quality/index-min.js,home-2017/1.4.13/c/afford/index-min.js

  phantomjs://platform/console++.js:263 in error
[ERROR - 2019-02-21T02:47:17.558Z] Session [ff57de40-3582-11e9-971c-e7dc7163fd78] - page.onError - stack:
  (anonymous function) (https://g.alicdn.com/??kissy/k/6.2.4/seed-min.js,kg/global-util/1.0.7/index-min.js,tb/tracker/4.3.12/index.js,kg/tb-nav/2.5.3/index-min.js,secdev/sufei_data/3.3.5/index.js:5)

  phantomjs://platform/console++.js:263 in error
[ERROR - 2019-02-21T02:47:17.558Z] Session [ff57de40-3582-11e9-971c-e7dc7163fd78] - page.onError - msg: kg/home-2017/1.4.13/c/qiang/index is not loaded! can not find module in path : https://g.alicdn.com/kg/??home-2017/1.4.13/common/inject-min.js,home-2017/1.4.13/c/shop/index-min.js,home-2017/1.4.13/c/sale/index-min.js,home-2017/1.4.13/c/live/index-min.js,home-2017/1.4.13/c/hotsale/index-min.js,home-2017/1.4.13/c/helper/index-min.js,home-2017/1.4.13/c/goods/index-min.js,home-2017/1.4.13/c/shopping/index-min.js,home-2017/1.4.13/c/qiang/index-min.js,home-2017/1.4.13/c/fashion/index-min.js,home-2017/1.4.13/c/quality/index-min.js,home-2017/1.4.13/c/afford/index-min.js

  phantomjs://platform/console++.js:263 in error
[ERROR - 2019-02-21T02:47:17.558Z] Session [ff57de40-3582-11e9-971c-e7dc7163fd78] - page.onError - stack:
  (anonymous function) (https://g.alicdn.com/??kissy/k/6.2.4/seed-min.js,kg/global-util/1.0.7/index-min.js,tb/tracker/4.3.12/index.js,kg/tb-nav/2.5.3/index-min.js,secdev/sufei_data/3.3.5/index.js:5)

  phantomjs://platform/console++.js:263 in error
[ERROR - 2019-02-21T02:47:17.558Z] Session [ff57de40-3582-11e9-971c-e7dc7163fd78] - page.onError - msg: kg/home-2017/1.4.13/c/fashion/index is not loaded! can not find module in path : https://g.alicdn.com/kg/??home-2017/1.4.13/common/inject-min.js,home-2017/1.4.13/c/shop/index-min.js,home-2017/1.4.13/c/sale/index-min.js,home-2017/1.4.13/c/live/index-min.js,home-2017/1.4.13/c/hotsale/index-min.js,home-2017/1.4.13/c/helper/index-min.js,home-2017/1.4.13/c/goods/index-min.js,home-2017/1.4.13/c/shopping/index-min.js,home-2017/1.4.13/c/qiang/index-min.js,home-2017/1.4.13/c/fashion/index-min.js,home-2017/1.4.13/c/quality/index-min.js,home-2017/1.4.13/c/afford/index-min.js

  phantomjs://platform/console++.js:263 in error
[ERROR - 2019-02-21T02:47:17.558Z] Session [ff57de40-3582-11e9-971c-e7dc7163fd78] - page.onError - stack:
  (anonymous function) (https://g.alicdn.com/??kissy/k/6.2.4/seed-min.js,kg/global-util/1.0.7/index-min.js,tb/tracker/4.3.12/index.js,kg/tb-nav/2.5.3/index-min.js,secdev/sufei_data/3.3.5/index.js:5)

  phantomjs://platform/console++.js:263 in error
[ERROR - 2019-02-21T02:47:17.559Z] Session [ff57de40-3582-11e9-971c-e7dc7163fd78] - page.onError - msg: kg/home-2017/1.4.13/c/quality/index is not loaded! can not find module in path : https://g.alicdn.com/kg/??home-2017/1.4.13/common/inject-min.js,home-2017/1.4.13/c/shop/index-min.js,home-2017/1.4.13/c/sale/index-min.js,home-2017/1.4.13/c/live/index-min.js,home-2017/1.4.13/c/hotsale/index-min.js,home-2017/1.4.13/c/helper/index-min.js,home-2017/1.4.13/c/goods/index-min.js,home-2017/1.4.13/c/shopping/index-min.js,home-2017/1.4.13/c/qiang/index-min.js,home-2017/1.4.13/c/fashion/index-min.js,home-2017/1.4.13/c/quality/index-min.js,home-2017/1.4.13/c/afford/index-min.js

  phantomjs://platform/console++.js:263 in error
[ERROR - 2019-02-21T02:47:17.559Z] Session [ff57de40-3582-11e9-971c-e7dc7163fd78] - page.onError - stack:
  (anonymous function) (https://g.alicdn.com/??kissy/k/6.2.4/seed-min.js,kg/global-util/1.0.7/index-min.js,tb/tracker/4.3.12/index.js,kg/tb-nav/2.5.3/index-min.js,secdev/sufei_data/3.3.5/index.js:5)

  phantomjs://platform/console++.js:263 in error
[ERROR - 2019-02-21T02:47:17.559Z] Session [ff57de40-3582-11e9-971c-e7dc7163fd78] - page.onError - msg: kg/home-2017/1.4.13/c/afford/index is not loaded! can not find module in path : https://g.alicdn.com/kg/??home-2017/1.4.13/common/inject-min.js,home-2017/1.4.13/c/shop/index-min.js,home-2017/1.4.13/c/sale/index-min.js,home-2017/1.4.13/c/live/index-min.js,home-2017/1.4.13/c/hotsale/index-min.js,home-2017/1.4.13/c/helper/index-min.js,home-2017/1.4.13/c/goods/index-min.js,home-2017/1.4.13/c/shopping/index-min.js,home-2017/1.4.13/c/qiang/index-min.js,home-2017/1.4.13/c/fashion/index-min.js,home-2017/1.4.13/c/quality/index-min.js,home-2017/1.4.13/c/afford/index-min.js

  phantomjs://platform/console++.js:263 in error
[ERROR - 2019-02-21T02:47:17.559Z] Session [ff57de40-3582-11e9-971c-e7dc7163fd78] - page.onError - stack:
  (anonymous function) (https://g.alicdn.com/??kissy/k/6.2.4/seed-min.js,kg/global-util/1.0.7/index-min.js,tb/tracker/4.3.12/index.js,kg/tb-nav/2.5.3/index-min.js,secdev/sufei_data/3.3.5/index.js:5)

  phantomjs://platform/console++.js:263 in error
[ERROR - 2019-02-21T02:47:17.575Z] Session [ff57de40-3582-11e9-971c-e7dc7163fd78] - page.onError - msg: kg/combobox/6.2.7/index is not loaded! can not find module in path : https://g.alicdn.com/kg/??combobox/6.2.7/index-min.js,search-suggest/6.3.1/mods/local-query-min.js,search-suggest/6.3.1/mods/menu-min.js,search-suggest/6.3.1/tpl/cloud-min.js,search-suggest/6.3.1/mods/bts-min.js,uploader/6.2.13/index-min.js,uploader/6.2.13/plugins/auth/auth-min.js,uploader/6.2.13/plugins/filedrop/filedrop-min.js,search-suggest/6.3.1/mods/stat-min.js,uploader/6.2.13/theme-min.js

  phantomjs://platform/console++.js:263 in error
[ERROR - 2019-02-21T02:47:17.575Z] Session [ff57de40-3582-11e9-971c-e7dc7163fd78] - page.onError - stack:
  (anonymous function) (https://g.alicdn.com/??kissy/k/6.2.4/seed-min.js,kg/global-util/1.0.7/index-min.js,tb/tracker/4.3.12/index.js,kg/tb-nav/2.5.3/index-min.js,secdev/sufei_data/3.3.5/index.js:5)

  phantomjs://platform/console++.js:263 in error
[ERROR - 2019-02-21T02:47:17.575Z] Session [ff57de40-3582-11e9-971c-e7dc7163fd78] - page.onError - msg: kg/search-suggest/6.3.1/mods/local-query is not loaded! can not find module in path : https://g.alicdn.com/kg/??combobox/6.2.7/index-min.js,search-suggest/6.3.1/mods/local-query-min.js,search-suggest/6.3.1/mods/menu-min.js,search-suggest/6.3.1/tpl/cloud-min.js,search-suggest/6.3.1/mods/bts-min.js,uploader/6.2.13/index-min.js,uploader/6.2.13/plugins/auth/auth-min.js,uploader/6.2.13/plugins/filedrop/filedrop-min.js,search-suggest/6.3.1/mods/stat-min.js,uploader/6.2.13/theme-min.js

  phantomjs://platform/console++.js:263 in error
[ERROR - 2019-02-21T02:47:17.575Z] Session [ff57de40-3582-11e9-971c-e7dc7163fd78] - page.onError - stack:
  (anonymous function) (https://g.alicdn.com/??kissy/k/6.2.4/seed-min.js,kg/global-util/1.0.7/index-min.js,tb/tracker/4.3.12/index.js,kg/tb-nav/2.5.3/index-min.js,secdev/sufei_data/3.3.5/index.js:5)

  phantomjs://platform/console++.js:263 in error
[ERROR - 2019-02-21T02:47:17.575Z] Session [ff57de40-3582-11e9-971c-e7dc7163fd78] - page.onError - msg: kg/search-suggest/6.3.1/mods/menu is not loaded! can not find module in path : https://g.alicdn.com/kg/??combobox/6.2.7/index-min.js,search-suggest/6.3.1/mods/local-query-min.js,search-suggest/6.3.1/mods/menu-min.js,search-suggest/6.3.1/tpl/cloud-min.js,search-suggest/6.3.1/mods/bts-min.js,uploader/6.2.13/index-min.js,uploader/6.2.13/plugins/auth/auth-min.js,uploader/6.2.13/plugins/filedrop/filedrop-min.js,search-suggest/6.3.1/mods/stat-min.js,uploader/6.2.13/theme-min.js

  phantomjs://platform/console++.js:263 in error
[ERROR - 2019-02-21T02:47:17.576Z] Session [ff57de40-3582-11e9-971c-e7dc7163fd78] - page.onError - stack:
  (anonymous function) (https://g.alicdn.com/??kissy/k/6.2.4/seed-min.js,kg/global-util/1.0.7/index-min.js,tb/tracker/4.3.12/index.js,kg/tb-nav/2.5.3/index-min.js,secdev/sufei_data/3.3.5/index.js:5)

  phantomjs://platform/console++.js:263 in error
[ERROR - 2019-02-21T02:47:17.576Z] Session [ff57de40-3582-11e9-971c-e7dc7163fd78] - page.onError - msg: kg/search-suggest/6.3.1/tpl/cloud is not loaded! can not find module in path : https://g.alicdn.com/kg/??combobox/6.2.7/index-min.js,search-suggest/6.3.1/mods/local-query-min.js,search-suggest/6.3.1/mods/menu-min.js,search-suggest/6.3.1/tpl/cloud-min.js,search-suggest/6.3.1/mods/bts-min.js,uploader/6.2.13/index-min.js,uploader/6.2.13/plugins/auth/auth-min.js,uploader/6.2.13/plugins/filedrop/filedrop-min.js,search-suggest/6.3.1/mods/stat-min.js,uploader/6.2.13/theme-min.js

  phantomjs://platform/console++.js:263 in error
[ERROR - 2019-02-21T02:47:17.576Z] Session [ff57de40-3582-11e9-971c-e7dc7163fd78] - page.onError - stack:
  (anonymous function) (https://g.alicdn.com/??kissy/k/6.2.4/seed-min.js,kg/global-util/1.0.7/index-min.js,tb/tracker/4.3.12/index.js,kg/tb-nav/2.5.3/index-min.js,secdev/sufei_data/3.3.5/index.js:5)

  phantomjs://platform/console++.js:263 in error
[ERROR - 2019-02-21T02:47:17.576Z] Session [ff57de40-3582-11e9-971c-e7dc7163fd78] - page.onError - msg: kg/search-suggest/6.3.1/mods/bts is not loaded! can not find module in path : https://g.alicdn.com/kg/??combobox/6.2.7/index-min.js,search-suggest/6.3.1/mods/local-query-min.js,search-suggest/6.3.1/mods/menu-min.js,search-suggest/6.3.1/tpl/cloud-min.js,search-suggest/6.3.1/mods/bts-min.js,uploader/6.2.13/index-min.js,uploader/6.2.13/plugins/auth/auth-min.js,uploader/6.2.13/plugins/filedrop/filedrop-min.js,search-suggest/6.3.1/mods/stat-min.js,uploader/6.2.13/theme-min.js

  phantomjs://platform/console++.js:263 in error
[ERROR - 2019-02-21T02:47:17.576Z] Session [ff57de40-3582-11e9-971c-e7dc7163fd78] - page.onError - stack:
  (anonymous function) (https://g.alicdn.com/??kissy/k/6.2.4/seed-min.js,kg/global-util/1.0.7/index-min.js,tb/tracker/4.3.12/index.js,kg/tb-nav/2.5.3/index-min.js,secdev/sufei_data/3.3.5/index.js:5)

  phantomjs://platform/console++.js:263 in error
[ERROR - 2019-02-21T02:47:17.576Z] Session [ff57de40-3582-11e9-971c-e7dc7163fd78] - page.onError - msg: kg/uploader/6.2.13/index is not loaded! can not find module in path : https://g.alicdn.com/kg/??combobox/6.2.7/index-min.js,search-suggest/6.3.1/mods/local-query-min.js,search-suggest/6.3.1/mods/menu-min.js,search-suggest/6.3.1/tpl/cloud-min.js,search-suggest/6.3.1/mods/bts-min.js,uploader/6.2.13/index-min.js,uploader/6.2.13/plugins/auth/auth-min.js,uploader/6.2.13/plugins/filedrop/filedrop-min.js,search-suggest/6.3.1/mods/stat-min.js,uploader/6.2.13/theme-min.js

  phantomjs://platform/console++.js:263 in error
[ERROR - 2019-02-21T02:47:17.577Z] Session [ff57de40-3582-11e9-971c-e7dc7163fd78] - page.onError - stack:
  (anonymous function) (https://g.alicdn.com/??kissy/k/6.2.4/seed-min.js,kg/global-util/1.0.7/index-min.js,tb/tracker/4.3.12/index.js,kg/tb-nav/2.5.3/index-min.js,secdev/sufei_data/3.3.5/index.js:5)

  phantomjs://platform/console++.js:263 in error
[ERROR - 2019-02-21T02:47:17.577Z] Session [ff57de40-3582-11e9-971c-e7dc7163fd78] - page.onError - msg: kg/uploader/6.2.13/plugins/auth/auth is not loaded! can not find module in path : https://g.alicdn.com/kg/??combobox/6.2.7/index-min.js,search-suggest/6.3.1/mods/local-query-min.js,search-suggest/6.3.1/mods/menu-min.js,search-suggest/6.3.1/tpl/cloud-min.js,search-suggest/6.3.1/mods/bts-min.js,uploader/6.2.13/index-min.js,uploader/6.2.13/plugins/auth/auth-min.js,uploader/6.2.13/plugins/filedrop/filedrop-min.js,search-suggest/6.3.1/mods/stat-min.js,uploader/6.2.13/theme-min.js

  phantomjs://platform/console++.js:263 in error
[ERROR - 2019-02-21T02:47:17.577Z] Session [ff57de40-3582-11e9-971c-e7dc7163fd78] - page.onError - stack:
  (anonymous function) (https://g.alicdn.com/??kissy/k/6.2.4/seed-min.js,kg/global-util/1.0.7/index-min.js,tb/tracker/4.3.12/index.js,kg/tb-nav/2.5.3/index-min.js,secdev/sufei_data/3.3.5/index.js:5)

  phantomjs://platform/console++.js:263 in error
[ERROR - 2019-02-21T02:47:17.577Z] Session [ff57de40-3582-11e9-971c-e7dc7163fd78] - page.onError - msg: kg/uploader/6.2.13/plugins/filedrop/filedrop is not loaded! can not find module in path : https://g.alicdn.com/kg/??combobox/6.2.7/index-min.js,search-suggest/6.3.1/mods/local-query-min.js,search-suggest/6.3.1/mods/menu-min.js,search-suggest/6.3.1/tpl/cloud-min.js,search-suggest/6.3.1/mods/bts-min.js,uploader/6.2.13/index-min.js,uploader/6.2.13/plugins/auth/auth-min.js,uploader/6.2.13/plugins/filedrop/filedrop-min.js,search-suggest/6.3.1/mods/stat-min.js,uploader/6.2.13/theme-min.js

  phantomjs://platform/console++.js:263 in error
[ERROR - 2019-02-21T02:47:17.577Z] Session [ff57de40-3582-11e9-971c-e7dc7163fd78] - page.onError - stack:
  (anonymous function) (https://g.alicdn.com/??kissy/k/6.2.4/seed-min.js,kg/global-util/1.0.7/index-min.js,tb/tracker/4.3.12/index.js,kg/tb-nav/2.5.3/index-min.js,secdev/sufei_data/3.3.5/index.js:5)

  phantomjs://platform/console++.js:263 in error
[ERROR - 2019-02-21T02:47:17.578Z] Session [ff57de40-3582-11e9-971c-e7dc7163fd78] - page.onError - msg: kg/search-suggest/6.3.1/mods/stat is not loaded! can not find module in path : https://g.alicdn.com/kg/??combobox/6.2.7/index-min.js,search-suggest/6.3.1/mods/local-query-min.js,search-suggest/6.3.1/mods/menu-min.js,search-suggest/6.3.1/tpl/cloud-min.js,search-suggest/6.3.1/mods/bts-min.js,uploader/6.2.13/index-min.js,uploader/6.2.13/plugins/auth/auth-min.js,uploader/6.2.13/plugins/filedrop/filedrop-min.js,search-suggest/6.3.1/mods/stat-min.js,uploader/6.2.13/theme-min.js

  phantomjs://platform/console++.js:263 in error
[ERROR - 2019-02-21T02:47:17.578Z] Session [ff57de40-3582-11e9-971c-e7dc7163fd78] - page.onError - stack:
  (anonymous function) (https://g.alicdn.com/??kissy/k/6.2.4/seed-min.js,kg/global-util/1.0.7/index-min.js,tb/tracker/4.3.12/index.js,kg/tb-nav/2.5.3/index-min.js,secdev/sufei_data/3.3.5/index.js:5)

  phantomjs://platform/console++.js:263 in error
[ERROR - 2019-02-21T02:47:17.578Z] Session [ff57de40-3582-11e9-971c-e7dc7163fd78] - page.onError - msg: kg/uploader/6.2.13/theme is not loaded! can not find module in path : https://g.alicdn.com/kg/??combobox/6.2.7/index-min.js,search-suggest/6.3.1/mods/local-query-min.js,search-suggest/6.3.1/mods/menu-min.js,search-suggest/6.3.1/tpl/cloud-min.js,search-suggest/6.3.1/mods/bts-min.js,uploader/6.2.13/index-min.js,uploader/6.2.13/plugins/auth/auth-min.js,uploader/6.2.13/plugins/filedrop/filedrop-min.js,search-suggest/6.3.1/mods/stat-min.js,uploader/6.2.13/theme-min.js

  phantomjs://platform/console++.js:263 in error
[ERROR - 2019-02-21T02:47:17.578Z] Session [ff57de40-3582-11e9-971c-e7dc7163fd78] - page.onError - stack:
  (anonymous function) (https://g.alicdn.com/??kissy/k/6.2.4/seed-min.js,kg/global-util/1.0.7/index-min.js,tb/tracker/4.3.12/index.js,kg/tb-nav/2.5.3/index-min.js,secdev/sufei_data/3.3.5/index.js:5)

  phantomjs://platform/console++.js:263 in error
